<?xml version="1.0" encoding="UTF-8"?>
<robot generator="Robot 7.0 (Python 3.12.1 on win32)" generated="2024-03-05T10:37:13.230714" rpa="false" schemaversion="5">
<suite id="s1" name="LoginTest" source="C:\Users\gayathri.duraibabu\PycharmProjects\pythonProject1\Mascom1\TestCases\LoginTest.robot">
<test id="s1-t1" name="Login Test" line="14">
<kw name="Open My Browser" owner="LoginKeywords">
<kw name="Open Browser" owner="SeleniumLibrary">
<arg>${SiteUrl}</arg>
<arg>${Browser}</arg>
<doc>Opens a new browser instance to the optional ``url``.</doc>
<status status="FAIL" start="2024-03-05T10:37:14.249692" elapsed="0.000000">Execution terminated by signal</status>
</kw>
<kw name="Maximize Browser Window" owner="SeleniumLibrary">
<doc>Maximizes current browser window.</doc>
<status status="NOT RUN" start="2024-03-05T10:37:14.249692" elapsed="0.000000"/>
</kw>
<arg>${SiteUrl}</arg>
<arg>${Browser}</arg>
<status status="FAIL" start="2024-03-05T10:37:14.248507" elapsed="0.001185">Execution terminated by signal</status>
</kw>
<kw name="Login with username and password" owner="LoginKeywords">
<arg>${username}</arg>
<arg>${password}</arg>
<status status="NOT RUN" start="2024-03-05T10:37:14.250846" elapsed="0.000000"/>
</kw>
<kw name="Wait Until Page Contains" owner="SeleniumLibrary">
<arg>Creatio</arg>
<doc>Waits until ``text`` appears on the current page.</doc>
<status status="NOT RUN" start="2024-03-05T10:37:14.250846" elapsed="0.000000"/>
</kw>
<kw name="Verify Successfull Login" owner="LoginKeywords">
<status status="NOT RUN" start="2024-03-05T10:37:14.252043" elapsed="0.000000"/>
</kw>
<kw name="Create New PR Request" owner="LoginKeywords">
<status status="NOT RUN" start="2024-03-05T10:37:14.252043" elapsed="0.000000"/>
</kw>
<kw name="close my Browser" owner="LoginKeywords">
<status status="NOT RUN" start="2024-03-05T10:37:14.253131" elapsed="0.000000"/>
</kw>
<status status="FAIL" start="2024-03-05T10:37:14.246303" elapsed="0.006828">Execution terminated by signal</status>
</test>
<status status="FAIL" start="2024-03-05T10:37:13.249242" elapsed="1.006072"/>
</suite>
<statistics>
<total>
<stat pass="0" fail="1" skip="0">All Tests</stat>
</total>
<tag>
</tag>
<suite>
<stat pass="0" fail="1" skip="0" id="s1" name="LoginTest">LoginTest</stat>
</suite>
</statistics>
<errors>
<msg time="2024-03-05T10:37:14.243965" level="ERROR">Error in file 'C:\Users\gayathri.duraibabu\PycharmProjects\pythonProject1\Mascom1\TestCases\LoginTest.robot' on line 4: Invalid resource file extension '.py'. Supported extensions are '.json', '.resource', '.rest', '.robot', '.rsrc', '.rst', '.tsv' and '.txt'.</msg>
</errors>
</robot>
